<?xml version="1.0" encoding="UTF-8"?>
<!-- Generated by org.testng.reporters.JUnitXMLReporter -->
<testsuite ignored="0" hostname="Pradeep-Ravichandran" failures="3" tests="5" name="BankingApp Test" time="64.859" errors="0" timestamp="2022-07-27T21:27:05 IST">
  <testcase classname="org.iBankingProject.testcases.Tc_LoginDDT_002" name="loginDDT" time="13.078"/>
  <testcase classname="org.iBankingProject.testcases.Tc_LoginDDT_002" name="loginDDT" time="5.104">
    <failure type="java.lang.AssertionError">
      <![CDATA[java.lang.AssertionError
at org.junit.Assert.fail(Assert.java:92)
at org.junit.Assert.assertTrue(Assert.java:43)
at org.junit.Assert.assertTrue(Assert.java:54)
at org.iBankingProject.testcases.Tc_LoginDDT_002.loginDDT(Tc_LoginDDT_002.java:30)
at java.base/java.util.ArrayList.forEach(ArrayList.java:1511)
... Removed 27 stack frames]]>
    </failure>
  </testcase> <!-- loginDDT -->
  <testcase classname="org.iBankingProject.testcases.Tc_LoginDDT_002" name="loginDDT" time="5.431">
    <failure type="java.lang.AssertionError">
      <![CDATA[java.lang.AssertionError
at org.junit.Assert.fail(Assert.java:92)
at org.junit.Assert.assertTrue(Assert.java:43)
at org.junit.Assert.assertTrue(Assert.java:54)
at org.iBankingProject.testcases.Tc_LoginDDT_002.loginDDT(Tc_LoginDDT_002.java:30)
at java.base/java.util.ArrayList.forEach(ArrayList.java:1511)
... Removed 27 stack frames]]>
    </failure>
  </testcase> <!-- loginDDT -->
  <testcase classname="org.iBankingProject.testcases.Tc_LoginDDT_002" name="loginDDT" time="9.668"/>
  <testcase classname="org.iBankingProject.testcases.Tc_LoginDDT_002" name="loginDDT" time="5.103">
    <failure type="java.lang.AssertionError">
      <![CDATA[java.lang.AssertionError
at org.junit.Assert.fail(Assert.java:92)
at org.junit.Assert.assertTrue(Assert.java:43)
at org.junit.Assert.assertTrue(Assert.java:54)
at org.iBankingProject.testcases.Tc_LoginDDT_002.loginDDT(Tc_LoginDDT_002.java:30)
at java.base/java.util.ArrayList.forEach(ArrayList.java:1511)
... Removed 27 stack frames]]>
    </failure>
  </testcase> <!-- loginDDT -->
</testsuite> <!-- BankingApp Test -->
